#
# There is insufficient memory for the Java Runtime Environment to continue.
# Native memory allocation (malloc) failed to allocate 1048576 bytes for AllocateHeap
# Possible reasons:
#   The system is out of physical RAM or swap space
#   In 32 bit mode, the process size limit was hit
# Possible solutions:
#   Reduce memory load on the system
#   Increase physical memory or swap space
#   Check if swap backing store is full
#   Use 64 bit Java on a 64 bit OS
#   Decrease Java heap size (-Xmx/-Xms)
#   Decrease number of Java threads
#   Decrease Java thread stack sizes (-Xss)
#   Set larger code cache with -XX:ReservedCodeCacheSize=
# This output file may be truncated or incomplete.
#
#  Out of Memory Error (memory/allocation.inline.hpp:61), pid=14508, tid=0x0000000000007038
#
# JRE version:  (8.0_181-b13) (build )
# Java VM: Java HotSpot(TM) 64-Bit Server VM (25.181-b13 mixed mode windows-amd64 compressed oops)
# Failed to write core dump. Minidumps are not enabled by default on client versions of Windows
#

---------------  T H R E A D  ---------------

Current thread (0x0000000002c6e000):  JavaThread "Unknown thread" [_thread_in_vm, id=28728, stack(0x00000000029b0000,0x0000000002ab0000)]

Stack: [0x00000000029b0000,0x0000000002ab0000]
[error occurred during error reporting (printing stack bounds), id 0xc0000005]

Native frames: (J=compiled Java code, j=interpreted, Vv=VM code, C=native code)


---------------  P R O C E S S  ---------------

Java Threads: ( => current thread )

Other Threads:

=>0x0000000002c6e000 (exited) JavaThread "Unknown thread" [_thread_in_vm, id=28728, stack(0x00000000029b0000,0x0000000002ab0000)]

VM state:not at safepoint (normal execution)

VM Mutex/Monitor currently owned by a thread: None

Heap:
 PSYoungGen      total 18432K, used 317K [0x00000000eb580000, 0x00000000eca00000, 0x0000000100000000)
  eden space 15872K, 2% used [0x00000000eb580000,0x00000000eb5cf5d0,0x00000000ec500000)
  from space 2560K, 0% used [0x00000000ec780000,0x00000000ec780000,0x00000000eca00000)
  to   space 2560K, 0% used [0x00000000ec500000,0x00000000ec500000,0x00000000ec780000)
 ParOldGen       total 42496K, used 0K [0x00000000c2000000, 0x00000000c4980000, 0x00000000eb580000)
  object space 42496K, 0% used [0x00000000c2000000,0x00000000c2000000,0x00000000c4980000)
 Metaspace       used 751K, capacity 4480K, committed 4480K, reserved 1056768K
  class space    used 76K, capacity 384K, committed 384K, reserved 1048576K

Card table byte_map: [0x0000000012030000,0x0000000012230000] byte_map_base: 0x0000000011a20000

Marking Bits: (ParMarkBitMap*) 0x000000005f2e2d00
 Begin Bits: [0x0000000012780000, 0x0000000013700000)
 End Bits:   [0x0000000013700000, 0x0000000014680000)

Polling page: 0x0000000001260000

CodeCache: size=245760Kb used=328Kb max_used=328Kb free=245431Kb
 bounds [0x0000000002c70000, 0x0000000002ee0000, 0x0000000011c70000]
 total_blobs=58 nmethods=0 adapters=38
 compilation: enabled

Compilation events (0 events):
No events

GC Heap History (0 events):
No events

Deoptimization events (0 events):
No events

Classes redefined (0 events):
No events

Internal exceptions (0 events):
No events

Events (10 events):
Event: 0.040 loading class java/lang/Short
Event: 0.040 loading class java/lang/Short done
Event: 0.040 loading class java/lang/Integer
Event: 0.041 loading class java/lang/Integer done
Event: 0.041 loading class java/lang/Long
Event: 0.041 loading class java/lang/Long done
Event: 0.042 loading class java/lang/NullPointerException
Event: 0.042 loading class java/lang/NullPointerException done
Event: 0.042 loading class java/lang/ArithmeticException
Event: 0.042 loading class java/lang/ArithmeticException done


Dynamic libraries:
0x00007ff7674c0000 - 0x00007ff7674f7000 	C:\Program Files\Java\jre1.8.0_181\bin\javaw.exe
0x00007ffe6e770000 - 0x00007ffe6e951000 	C:\WINDOWS\SYSTEM32\ntdll.dll
0x00007ffe6d920000 - 0x00007ffe6d9d1000 	C:\WINDOWS\System32\KERNEL32.DLL
0x00007ffe6b070000 - 0x00007ffe6b2e3000 	C:\WINDOWS\System32\KERNELBASE.dll
0x00007ffe6dab0000 - 0x00007ffe6db51000 	C:\WINDOWS\System32\ADVAPI32.dll
0x00007ffe6e1e0000 - 0x00007ffe6e27e000 	C:\WINDOWS\System32\msvcrt.dll
0x00007ffe6e0f0000 - 0x00007ffe6e14b000 	C:\WINDOWS\System32\sechost.dll
0x00007ffe6bcd0000 - 0x00007ffe6bdf4000 	C:\WINDOWS\System32\RPCRT4.dll
0x00007ffe6e5b0000 - 0x00007ffe6e740000 	C:\WINDOWS\System32\USER32.dll
0x00007ffe6aeb0000 - 0x00007ffe6aed0000 	C:\WINDOWS\System32\win32u.dll
0x00007ffe6d890000 - 0x00007ffe6d8b8000 	C:\WINDOWS\System32\GDI32.dll
0x00007ffe6aed0000 - 0x00007ffe6b062000 	C:\WINDOWS\System32\gdi32full.dll
0x00007ffe6b2f0000 - 0x00007ffe6b38f000 	C:\WINDOWS\System32\msvcp_win.dll
0x00007ffe6baa0000 - 0x00007ffe6bb98000 	C:\WINDOWS\System32\ucrtbase.dll
0x00007ffe58100000 - 0x00007ffe58369000 	C:\WINDOWS\WinSxS\amd64_microsoft.windows.common-controls_6595b64144ccf1df_6.0.17134.706_none_fb43a2cb30647007\COMCTL32.dll
0x00007ffe6e280000 - 0x00007ffe6e5a2000 	C:\WINDOWS\System32\combase.dll
0x00007ffe6ae30000 - 0x00007ffe6aeaa000 	C:\WINDOWS\System32\bcryptPrimitives.dll
0x00007ffe6e0c0000 - 0x00007ffe6e0ed000 	C:\WINDOWS\System32\IMM32.DLL
0x000000005e9e0000 - 0x000000005eab2000 	C:\Program Files\Java\jre1.8.0_181\bin\msvcr100.dll
0x000000005eac0000 - 0x000000005f362000 	C:\Program Files\Java\jre1.8.0_181\bin\server\jvm.dll
0x00007ffe6e150000 - 0x00007ffe6e158000 	C:\WINDOWS\System32\PSAPI.DLL
0x00007ffe58410000 - 0x00007ffe58419000 	C:\WINDOWS\SYSTEM32\WSOCK32.dll
0x00007ffe654f0000 - 0x00007ffe654fa000 	C:\WINDOWS\SYSTEM32\VERSION.dll
0x00007ffe68610000 - 0x00007ffe68633000 	C:\WINDOWS\SYSTEM32\WINMM.dll
0x00007ffe6de40000 - 0x00007ffe6deac000 	C:\WINDOWS\System32\WS2_32.dll
0x00007ffe685e0000 - 0x00007ffe6860a000 	C:\WINDOWS\SYSTEM32\winmmbase.dll
0x00007ffe6ade0000 - 0x00007ffe6ae29000 	C:\WINDOWS\System32\cfgmgr32.dll
0x000000005f730000 - 0x000000005f73f000 	C:\Program Files\Java\jre1.8.0_181\bin\verify.dll
0x000000005f700000 - 0x000000005f729000 	C:\Program Files\Java\jre1.8.0_181\bin\java.dll
0x000000005f6e0000 - 0x000000005f6f6000 	C:\Program Files\Java\jre1.8.0_181\bin\zip.dll

VM Arguments:
jvm_args: -Dfile.encoding=Cp1252 
java_command: virtualpet.VirtualPetApp
java_class_path (initial): C:\Users\Kathy\eclipse-workspace\virtual-pet\bin\main;C:\Users\Kathy\eclipse-workspace\virtual-pet\bin\test;C:\Users\Kathy\.gradle\caches\modules-2\files-2.1\junit\junit\4.13-beta-2\2470c41ebd351f7edceac9eea7c414ac847a154\junit-4.13-beta-2.jar;C:\Users\Kathy\.gradle\caches\modules-2\files-2.1\org.hamcrest\hamcrest-core\1.3\42a25dc3219429f0e5d060061f71acb49bf010a0\hamcrest-core-1.3.jar
Launcher Type: SUN_STANDARD

Environment Variables:
PATH=C:/Program Files/Java/jre1.8.0_181/bin/server;C:/Program Files/Java/jre1.8.0_181/bin;C:/Program Files/Java/jre1.8.0_181/lib/amd64;C:\Program Files (x86)\Common Files\Oracle\Java\javapath;C:\Program Files (x86)\Intel\iCLS Client\;C:\Program Files\Intel\iCLS Client\;C:\WINDOWS\system32;C:\WINDOWS;C:\WINDOWS\System32\Wbem;C:\WINDOWS\System32\WindowsPowerShell\v1.0\;C:\Program Files (x86)\Intel\Intel(R) Management Engine Components\DAL;C:\Program Files\Intel\Intel(R) Management Engine Components\DAL;C:\Program Files (x86)\Intel\Intel(R) Management Engine Components\IPT;C:\Program Files\Intel\Intel(R) Management Engine Components\IPT;C:\WINDOWS\System32\OpenSSH\;C:\Program Files\Intel\WiFi\bin\;C:\Program Files\Common Files\Intel\WirelessCommon\;C:\gradle-5.4.1\bin;C:\Users\Kathy\AppData\Local\Microsoft\WindowsApps;C:\Program Files\Intel\WiFi\bin\;C:\Program Files\Common Files\Intel\WirelessCommon\;;C:\Users\Kathy\eclipse\java-2019-03\eclipse;
USERNAME=Kathy
OS=Windows_NT
PROCESSOR_IDENTIFIER=Intel64 Family 6 Model 78 Stepping 3, GenuineIntel



---------------  S Y S T E M  ---------------

OS: Windows 10.0 , 64 bit Build 17134 (10.0.17134.706)

CPU:total 4 (initial active 4) (2 cores per cpu, 2 threads per core) family 6 model 78 stepping 3, cmov, cx8, fxsr, mmx, sse, sse2, sse3, ssse3, sse4.1, sse4.2, popcnt, avx, avx2, aes, clmul, erms, rtm, 3dnowpref, lzcnt, ht, tsc, tscinvbit, bmi1, bmi2, adx

Memory: 4k page, physical 4062836k(421500k free), swap 10728216k(6316k free)

vm_info: Java HotSpot(TM) 64-Bit Server VM (25.181-b13) for windows-amd64 JRE (1.8.0_181-b13), built on Jul  7 2018 04:01:33 by "java_re" with MS VC++ 10.0 (VS2010)

time: Sun May 12 14:59:55 2019
elapsed time: 0 seconds (0d 0h 0m 0s)

